       0: PID 3 started
       1:   3  r  0x6f8bc8 -> 00
       2:   3  r  0x6f8a88 -> 00
       3:   3  w  0xd84f78 <- 07
       4:   3  w  0xd84f48 <- 4d
       5:   3  r  0x790688 -> 00
       6:   3  w  0xd84f58 <- 0f
       7:   3  r  0xd84f84 -> 00
       8:   3  r  0x790975 -> 00
       9:   3  r  0x21fba0 -> 00
      10:   3  r  0x79094c -> 00
      11:   3  r  0x7906d0 -> 00
      12:   3  r  0x7906c8 -> 00
      13:   3  r  0xd84f58 -> 0f
      14:   3  r  0xeee3d0 -> 00
      15:   3  w  0xd84f00 <- 24
      16:   3  r  0xeee3c0 -> 00
      17:   3  w  0xd84f68 <- 52
      18:   3  r  0x790958 -> 00
      19:   3  r  0x790950 -> 00
      20:   3  r  0x790954 -> 00
      21:   3  r  0xc00fd0 -> 00
      22:   3  r  0x79094c -> 00
      23:   3  r  0x790960 -> 00
      24:   3  r  0xc01dec -> 00
      25:   3  r  0x790968 -> 00
      26:   3  r  0xc04870 -> 00
      27:   3  r  0xc04874 -> 00
      28:   3  r  0xc04878 -> 00
      29:   3  r  0xd84f58 -> 0f
      30:   3  r  0x790968 -> 00
      31:   3  w  0xd84ee8 <- 82
      32:   3  w  0xd84ef0 <- 4f
      33:   3  w  0xd84ed8 <- 97
      34:   3  w  0xd84ee0 <- c4
      35:   3  w  0xd84f80 <- 83
      36:   3  r  0xd84f00 -> 24
      37:   3  w  0xd84ec8 <- a6
      38:   3  w  0xd84ea8 <- b0
      39:   3  w  0xd84eb0 <- ab
      40:   3  w  0xd84eb8 <- 21
      41:   3  w  0xd84ec0 <- a9
      42:   3  r  0xc14954 -> 00
      43:   3  r  0xc14958 -> 00
      44:   3  r  0xc14956 -> 00
      45:   3  r  0xd84f84 -> 00
      46:   3  r  0xd84f70 -> 00
      47:   3  r  0xd84f50 -> 00
      48:   3  r  0xd84f58 -> 0f
      49:   3  r  0x790990 -> 00
      50:   3  r  0xd84f80 -> 83
      51:   3  r  0xc4070c -> 00
      52:   3  r  0x790940 -> 00
      53:   3  r  0x6f8bc0 -> 00
      54: PID 5 started
      55:   5  r  0x6f8bc0 -> 00
      56:   5  r  0x6f8bb8 -> 00
      57:   5  r  0x6f8bb8 -> 00
      58:   5  w  0xd84e88 <- 74
      59:   5  r  0xc3f1ac -> 00
      60:   5  r  0xc3f1ac -> 00
      61:   5  r  0xc3f1ad -> 00
      62:   5  r  0xc3f1ad -> 00
      63:   5  r  0xc3f1ae -> 00
      64:   5  r  0xc3f1ae -> 00
      65:   5  r  0xc3f1af -> 00
      66:   5  r  0xc3f1af -> 00
      67:   5  r  0xc3f1b0 -> 00
      68:   5  r  0xc3f1b0 -> 00
      69:   5  r  0xc3f1b1 -> 00
      70:   5  r  0xc3f1b1 -> 00
      71:   5  r  0xc3f1b2 -> 00
      72:   5  r  0xc3f1b2 -> 00
      73:   5  r  0xc3f1b3 -> 00
      74:   5  r  0xc3f1b3 -> 00
      75:   5  r  0xc3f1b4 -> 00
      76:   5  r  0xc3f1b4 -> 00
      77:   5  r  0xc3f1b5 -> 00
      78:   5  r  0xc3f1b5 -> 00
      79:   5  r  0xc3f1b6 -> 00
      80:   5  r  0xc3f1b6 -> 00
      81:   5  r  0xc3f1b7 -> 00
      82:   5  r  0xc3f1b7 -> 00
      83:   5  r  0xd84e88 -> 74
      84:   5  r  0xd84eb0 -> 00
      85:   5  r  0xd84ea8 -> 00
      86:   5  r  0xd84eb8 -> 00
      87:   5  r  0xd84ec0 -> 00
      88:   5  r  0xd84ec8 -> 00
      89:   5  r  0xd84ee8 -> 00
      90:   5  r  0xd84ef0 -> 00
      91:   5  r  0xd84ed8 -> 00
      92:   5  r  0xd84ee0 -> 00
      93:   5  r  0xc14954 -> 00
      94:   5  r  0x21fbe4 -> 00
      95:   5  w  0xd84f08 <- 9f
      96:   5  r  0xd84ef8 -> 00
      97:   5  r  0xd84ef8 -> 00
      98:   5  w  0xd850c0 <- a4
      99:   5  r  0xd84f58 -> 00
     100:   5  w  0xd850c8 <- bf
     101:   5  r  0xd84f98 -> 00
     102:   5  r  0xd84fa0 -> 00
     103:   5  r  0xd84fa8 -> 00
     104:   5  r  0xd84fb0 -> 00
     105:   5  r  0xd84fb8 -> 00
     106:   5  r  0xd84fc0 -> 00
     107:   5  r  0xd84fc8 -> 00
     108:   5  r  0xd850c0 -> a4
     109:   5  r  0xd851c8 -> 00
     110:   5  r  0xc14955 -> 00
     111:   5  r  0xd850c8 -> bf
     112:   5  r  0x790974 -> 00
     113:   5  r  0x790a2c -> 00
     114:   5  r  0x21fba0 -> 00
     115:   5  r  0xd850c0 -> a4
     116:   5  w  0xd851c8 <- 9c
     117:   5  r  0xd850c8 -> bf
     118:   5  r  0xd850e8 -> 00
     119:   5  r  0xd850f0 -> 00
     120:   5  r  0xd850f8 -> 00
     121:   5  r  0xd85100 -> 00
     122:   5  r  0xd85108 -> 00
     123:   5  r  0xd85110 -> 00
     124:   5  r  0xd85118 -> 00
     125:   5  r  0xd851c8 -> 9c
     126:   5  w  0x790a68 <- 61
     127:   5  w  0x790a70 <- 74
     128:   5  r  0xc14954 -> 00
     129:   5  r  0xc14958 -> 00
     130:   5  r  0x790660 -> 00
     131:   5  r  0x1a224 -> 00
     132:   5  r  0xc497a8 -> 00
     133:   5  r  0xd85168 -> 00
     134:   5  w  0xeea5d8 <- a8
     135:   5  r  0xc497b8 -> 00
     136:   5  r  0xd85178 -> 00
     137:   5  r  0xd85180 -> 00
     138:   5  r  0xd85170 -> 00
     139:   5  r  0xc497b0 -> 00
     140:   5  r  0x790940 -> 00
     141:   5  r  0xc4070c -> 00
     142:   5  w  0xd851c8 <- 26
     143:   5  r  0xc14954 -> 00
     144:   5  r  0x790a58 -> 00
     145:   5  r  0x790a60 -> 00
     146:   5  r  0x790a70 -> 74
     147:   5  r  0x220980 -> 00
     148:   5  w  0x220980 <- bd
     149:   5  r  0x790a68 -> 61
     150:   5  w  0xd851c8 <- 89
     151:   5  r  0xc14954 -> 00
     152:   5  r  0xc14958 -> 00
     153:   5  r  0x790660 -> 00
     154:   5  r  0x1a224 -> 00
     155:   5  r  0xc497c0 -> 00
     156:   5  r  0xd85168 -> 00
     157:   5  w  0xeea7d8 <- c6
     158:   5  r  0xc497d0 -> 00
     159:   5  r  0xd85178 -> 00
     160:   5  r  0xd85180 -> 00
     161:   5  r  0xd85170 -> 00
     162:   5  r  0xc497c8 -> 00
     163:   5  r  0x790940 -> 00
     164:   5  r  0xc40744 -> 00
     165:   5  w  0xd851c8 <- 51
     166:   5  r  0xc14bf4 -> 00
     167:   5  r  0x790a58 -> 00
     168:   5  r  0xd851c8 -> 51
     169:   5  w  0x790a60 <- d1
     170:   5  w  0x790a58 <- d8
     171:   5  r  0x6f8bc0 -> 00
     172:   5  r  0xc14bf0 -> 00
     173:   5  r  0xd85150 -> 00
     174:   5  r  0xd85158 -> 00
     175:   5  r  0xd85160 -> 00
     176:   5  w  0xd85128 <- 51
     177:   5  w  0xd85120 <- bd
     178:   5  w  0xd85118 <- 7d
     179:   5  w  0xd85110 <- 9d
     180:   5  w  0xd85108 <- 9e
     181:   5  w  0xd85100 <- a2
     182:   5  w  0xd850f8 <- e3
     183:   5  w  0xd850f0 <- ab
     184:   5  w  0xd850e8 <- c1
     185:   5  w  0xd85028 <- 94
     186:   5  w  0xd85058 <- e2
     187:   5  w  0xd8504c <- 9a
     188:   5  r  0xc247fc -> 00
     189:   5  r  0xc247fd -> 00
     190:   5  r  0xc247fe -> 00
     191:   5  r  0xc247ff -> 00
     192:   5  r  0xc24800 -> 00
     193:   5  r  0xc24801 -> 00
     194:   5  r  0xc24802 -> 00
     195:   5  r  0xc24803 -> 00
     196:   5  r  0xc24804 -> 00
     197:   5  r  0xc24805 -> 00
     198:   5  r  0xc24806 -> 00
     199:   5  r  0xc24807 -> 00
     200:   5  r  0xc24808 -> 00
     201:   5  r  0xc24809 -> 00
     202:   5  r  0xc2480a -> 00
     203:   5  r  0xc2480b -> 00
     204:   5  r  0xc2480c -> 00
     205:   5  r  0xc2480d -> 00
     206:   5  r  0xc2480e -> 00
     207:   5  r  0xc2480f -> 00
     208:   5  r  0xc24810 -> 00
     209:   5  r  0xc24811 -> 00
     210:   5  r  0xc24812 -> 00
     211:   5  r  0xc24813 -> 00
     212: PID 12 started
     213:  12  r  0xc24814 -> 00
     214:  12  r  0xc24815 -> 00
     215:  12  r  0xc24816 -> 00
     216:  12  r  0xc24817 -> 00
     217:  12  r  0xc24818 -> 00
     218:  12  r  0xc24819 -> 00
     219:  12  r  0xc2481a -> 00
     220:  12  r  0xc2481b -> 00
     221:  12  r  0xc2481c -> 00
     222:  12  r  0xc2481d -> 00
     223:  12  r  0xc2481e -> 00
     224:  12  r  0xc2481f -> 00
     225:  12  r  0xc24820 -> 00
     226:  12  r  0xc24821 -> 00
     227:  12  r  0xc24822 -> 00
     228:  12  r  0xc24823 -> 00
     229:  12  r  0xc24824 -> 00
     230:  12  r  0xc24825 -> 00
     231:  12  r  0xc24826 -> 00
     232:  12  r  0xc24827 -> 00
     233:  12  r  0xc24828 -> 00
     234:  12  r  0xc24829 -> 00
     235:  12  r  0xc2482a -> 00
     236:  12  r  0xc2482b -> 00
     237:  12  r  0xc2482c -> 00
     238:  12  r  0xc2482d -> 00
     239:  12  r  0xc2482e -> 00
     240:  12  r  0xc2482f -> 00
     241:  12  r  0xc24830 -> 00
     242:  12  r  0xc24831 -> 00
     243:  12  r  0x220978 -> 00
     244:  12  w  0x220978 <- fa
     245:  12  r  0xd85128 -> 00
     246:  12  w  0xd850d8 <- 7e
     247:  12  w  0xd850c0 <- 9a
     248:  12  w  0xd850c8 <- 89
     249:  12  r  0xd85028 -> 00
     250:  12  w  0xd85020 <- 02
     251:  12  r  0x7909b8 -> 00
     252:  12  r  0xd85020 -> 02
     253:  12  r  0xd85028 -> 00
     254:  12  w  0xd85030 <- e2
     255:  12  w  0xd85040 <- e1
     256:  12  r  0xd8504c -> 00
     257:  12  r  0xd85128 -> 00
     258:  12  r  0xd85120 -> 00
     259:  12  r  0xd85030 -> e2
     260:  12  w  0xd84ff8 <- e4
     261:  12  w  0xd84fd8 <- 55
     262:  12  w  0xd84ff0 <- 01
     263:  12  w  0xd84fe8 <- e3
     264:  12  w  0xd84fe0 <- 94
     265:  12  r  0xd851c8 -> 00
     266:  12  r  0xd85040 -> e1
     267:  12  r  0xd85058 -> 00
     268:  12  w  0xd84fd0 <- f8
     269:  12  w  0xd84fc8 <- ce
     270:  12  w  0xd84fc0 <- 8e
     271:  12  w  0xd84fb8 <- 37
     272:  12  w  0xd84fb0 <- 62
     273:  12  w  0xd84fa8 <- 14
     274:  12  w  0xd84fa0 <- 27
     275:  12  w  0xd84f98 <- 0f
     276:  12  r  0x221448 -> 00
     277:  12  r  0xd84fd8 -> 55
     278:  12  w  0xd84ef8 <- 5e
     279:  12  r  0xd84fd0 -> f8
     280:  12  r  0xd84fe8 -> e3
     281:  12  w  0xd84f60 <- f8
     282:  12  w  0xd84f70 <- 68
     283:  12  w  0xd84f50 <- f9
     284:  12  r  0xd84fe0 -> 94
     285:  12  w  0xd84f7c <- 63
     286:  12  r  0xd84ff0 -> 01
     287:  12  w  0xd84f84 <- 59
     288:  12  r  0xd84ff8 -> e4
     289:  12  w  0xd84f40 <- a4
     290:  12  r  0x221440 -> 00
     291:  12  r  0x6f8a80 -> 00
     292:  12  w  0xd84f78 <- c4
     293:  12  w  0xd84f48 <- cf
     294:  12  r  0x2211b0 -> 00
     295:  12  w  0xd84f58 <- fa
     296:  12  r  0xd84f84 -> 59
     297:  12  r  0x22149d -> 00
     298:  12  r  0x21fba0 -> 00
     299:  12  r  0x221474 -> 00
     300:  12  r  0x2211f8 -> 00
     301:  12  r  0x2211f0 -> 00
     302:  12  r  0xd84f58 -> fa
     303:  12  r  0x60a0b8 -> 00
     304:  12  w  0xd84f00 <- 5e
     305:  12  r  0x60a0a8 -> 00
     306:  12  w  0xd84f68 <- 10
     307:  12  r  0x221480 -> 00
     308:  12  r  0x221478 -> 00
     309: PID 6 started
     310:   6  r  0x22147c -> 00
     311:   6  r  0x400270 -> 00
     312:   6  w  0xd84f80 <- 64
     313:   6  r  0xd84f78 -> 00
     314:   6  r  0xd84f50 -> 00
     315:   6  r  0x6f8bc8 -> 00
     316:   6  r  0x6f8a88 -> 00
     317:   6  w  0xd84f78 <- b6
     318:   6  w  0xd84f48 <- 49
     319:   6  r  0x790688 -> 00
     320:   6  w  0xd84f58 <- 77
     321:   6  r  0xd84f84 -> 00
     322:   6  r  0x790975 -> 00
     323:   6  r  0x21fba0 -> 00
     324:   6  r  0x79094c -> 00
     325:   6  r  0x7906d0 -> 00
     326:   6  r  0x7906c8 -> 00
     327:   6  r  0xd84f58 -> 77
     328:   6  r  0xeee3d0 -> 00
     329:   6  w  0xd84f00 <- 59
     330:   6  r  0xeee3c0 -> 00
     331:   6  w  0xd84f68 <- 02
     332:   6  r  0x790958 -> 00
     333:   6  r  0x790950 -> 00
     334:   6  r  0x790954 -> 00
     335:   6  r  0xc00f40 -> 00
     336:   6  r  0x79094c -> 00
     337:   6  r  0x790960 -> 00
     338:   6  r  0xc01e08 -> 00
     339:   6  r  0x790968 -> 00
     340:   6  r  0xc048dc -> 00
     341:   6  r  0xc048e0 -> 00
     342:   6  r  0xc048e4 -> 00
     343:   6  r  0xc048e8 -> 00
     344:   6  r  0xd84f58 -> 77
     345:   6  r  0x790968 -> 00
     346:   6  w  0xd84ee8 <- 70
     347:   6  w  0xd84ef0 <- 39
     348:   6  w  0xd84ed8 <- 98
     349:   6  w  0xd84ee0 <- 83
     350:   6  w  0xd84f80 <- e1
     351:   6  r  0xd84f00 -> 59
     352:   6  w  0xd84ec8 <- a3
     353:   6  w  0xd84ea8 <- e4
     354:   6  w  0xd84eb0 <- 31
     355:   6  w  0xd84eb8 <- 11
     356:   6  w  0xd84ec0 <- 1b
     357:   6  r  0xc14bf4 -> 00
     358:   6  r  0xc14bf8 -> 00
     359:   6  r  0xc14bf6 -> 00
     360:   6  r  0xd84f84 -> 00
     361:   6  r  0xd84f70 -> 00
     362:   6  r  0xd84f50 -> 00
     363:   6  r  0xd84f58 -> 77
     364:   6  r  0x790990 -> 00
     365:   6  r  0xd84f80 -> e1
     366:   6  r  0xc40744 -> 00
     367:   6  r  0x790940 -> 00
     368:   6  r  0x6f8bc0 -> 00
     369:   6  r  0x6f8bc0 -> 00
     370:   6  r  0x6f8bb8 -> 00
     371:   6  r  0x6f8bb8 -> 00
     372:   6  w  0xd84e88 <- 22
     373:   6  r  0xc3f1ac -> 00
     374:   6  r  0xc3f1ac -> 00
     375:   6  r  0xc3f1ad -> 00
     376:   6  r  0xc3f1ad -> 00
     377:   6  r  0xc3f1ae -> 00
     378:   6  r  0xc3f1ae -> 00
     379:   6  r  0xc3f1af -> 00
     380:   6  r  0xc3f1af -> 00
     381:   6  r  0xc3f1b0 -> 00
     382:   6  r  0xc3f1b0 -> 00
     383:   6  r  0xc3f1b1 -> 00
     384:   6  r  0xc3f1b1 -> 00
     385:   6  r  0xc3f1b2 -> 00
     386: PID 15 started
     387:  15  r  0xc3f1b2 -> 00
     388:  15  r  0xc3f1b3 -> 00
     389:  15  r  0xc3f1b3 -> 00
     390:  15  r  0xc3f1b4 -> 00
     391:  15  r  0xc3f1b4 -> 00
     392:  15  r  0xc3f1b5 -> 00
     393:  15  r  0xc3f1b5 -> 00
     394:  15  r  0xc3f1b6 -> 00
     395:  15  r  0xc3f1b6 -> 00
     396:  15  r  0xc3f1b7 -> 00
     397:  15  r  0xc3f1b7 -> 00
     398:  15  r  0xd84e88 -> 00
     399:  15  r  0xd84eb0 -> 00
     400:  15  r  0xd84ea8 -> 00
     401:  15  r  0xd84eb8 -> 00
     402:  15  r  0xd84ec0 -> 00
     403:  15  r  0xd84ec8 -> 00
     404:  15  r  0xd84ee8 -> 00
     405:  15  r  0xd84ef0 -> 00
     406:  15  r  0xd84ed8 -> 00
     407:  15  r  0xd84ee0 -> 00
     408:  15  r  0xc14bf4 -> 00
     409:  15  r  0x21fbe4 -> 00
     410:  15  w  0xd84f08 <- 11
     411:  15  r  0xd84ef8 -> 00
     412:  15  r  0xd84ef8 -> 00
     413:  15  w  0xd850c0 <- fc
     414:  15  r  0xd84f58 -> 00
     415:  15  w  0xd850c8 <- c6
     416: PID 8 started
     417:   8  r  0xd84f98 -> 00
     418:   8  r  0xd84fa0 -> 00
     419:   8  r  0xd84fa8 -> 00
     420:   8  r  0xd84fb0 -> 00
     421:   8  r  0xd84fb8 -> 00
     422:   8  r  0xd84fc0 -> 00
     423:   8  r  0xd84fc8 -> 00
     424:   8  r  0xd850c0 -> 00
     425:   8  r  0xd851c8 -> 00
     426:   8  r  0xc14bf5 -> 00
     427:   8  r  0xd850c8 -> 00
     428:   8  r  0x790974 -> 00
     429:   8  r  0x790a2c -> 00
     430:   8  r  0x21fba0 -> 00
     431:   8  r  0xd850c0 -> 00
     432:   8  w  0xd851c8 <- b5
     433:   8  r  0xd850c8 -> 00
     434:   8  r  0xd850e8 -> 00
     435:   8  r  0xd850f0 -> 00
     436:   8  r  0xd850f8 -> 00
     437:   8  r  0xd85100 -> 00
     438:   8  r  0xd85108 -> 00
     439:   8  r  0xd85110 -> 00
     440:   8  r  0xd85118 -> 00
     441:   8  r  0xd851c8 -> b5
     442:   8  w  0x790a68 <- 2a
     443:   6  w  0x790a70 <- 33
     444:   6  r  0xc14bf4 -> 00
     445:   6  r  0xc14bf8 -> 00
     446: PID 14 started
     447:  14  r  0x790660 -> 00
     448:  14  r  0x1a224 -> 00
     449:  14  r  0xc497d8 -> 00
     450:  14  r  0xd85168 -> 00
     451:  14  w  0xeea5e8 <- 8e
     452:  14  r  0xc497e8 -> 00
     453:  14  r  0xd85178 -> 00
     454:  14  r  0xd85180 -> 00
     455:  14  r  0xd85170 -> 00
     456:  14  r  0xc497e0 -> 00
     457:  14  r  0x790940 -> 00
     458:  14  r  0xc40744 -> 00
     459:  14  w  0xd851c8 <- 75
     460:  14  r  0xc14bf4 -> 00
     461:  14  r  0x790a58 -> 00
     462:  14  r  0x790a60 -> 00
     463:  14  r  0x790a70 -> 00
     464:  14  r  0x220980 -> 00
     465:  14  w  0x220980 <- 96
     466:  14  r  0x790a68 -> 00
     467:  14  w  0xd851c8 <- 55
     468:  14  r  0xc14bf4 -> 00
     469:  14  r  0xc14bf8 -> 00
     470:  14  r  0x790660 -> 00
     471:  14  r  0x1a224 -> 00
     472:  14  r  0xc497f0 -> 00
     473:  14  r  0xd85168 -> 00
     474:  14  w  0xeea7e8 <- c8
     475:  14  r  0xc49800 -> 00
     476:  14  r  0xd85178 -> 00
     477:  14  r  0xd85180 -> 00
     478:  14  r  0xd85170 -> 00
     479:  14  r  0xc497f8 -> 00
     480:  14  r  0x790940 -> 00
     481:  14  r  0xc402fa -> 00
     482:  14  w  0xd851c8 <- dc
     483:  14  r  0xc1187c -> 00
     484:  14  r  0x790a58 -> 00
     485:  14  r  0xd851c8 -> dc
     486:  14  w  0x790a60 <- 6f
     487:  14  w  0x790a58 <- 66
     488:  14  r  0x6f8bc0 -> 00
     489:  14  r  0xc11878 -> 00
     490:  14  r  0xd85150 -> 00
     491:  14  r  0xd85158 -> 00
     492:  14  r  0xd85160 -> 00
     493:  14  w  0xd85128 <- f3
     494:  14  w  0xd85120 <- e0
     495:  14  w  0xd85118 <- c1
     496:  14  w  0xd85110 <- b5
     497:  14  w  0xd85108 <- dd
     498:  14  w  0xd85100 <- c5
     499:  14  w  0xd850f8 <- e8
     500:  14  w  0xd850f0 <- 81
     501:  14  w  0xd850e8 <- dd
     502:  14  w  0xd85028 <- c8
     503:  14  w  0xd85058 <- 18
     504:  14  w  0xd8504c <- 3a
     505:  14  r  0xc24f86 -> 00
     506:  14  r  0xc24f87 -> 00
     507:  14  r  0xc24f88 -> 00
     508:  14  r  0xc24f89 -> 00
     509:  14  r  0xc24f8a -> 00
     510:  14  r  0xc24f8b -> 00
     511:  14  r  0xc24f8c -> 00
     512:  14  r  0xc24f8d -> 00
     513:  14  r  0xc24f8e -> 00
     514:  14  r  0xc24f8f -> 00
     515:  14  r  0xc24f90 -> 00
     516:  14  r  0xc24f91 -> 00
     517:  14  r  0xc24f92 -> 00
     518:  14  r  0xc24f93 -> 00
     519:  14  r  0xc24f94 -> 00
     520:  14  r  0xc24f95 -> 00
     521:  14  r  0xc24f96 -> 00
     522: PID 18 started
     523:  18  r  0xc24f97 -> 00
     524:  18  r  0xc24f98 -> 00
     525:  18  r  0xc24f99 -> 00
     526:  18  r  0xc24f9a -> 00
     527:  18  r  0xc24f9b -> 00
     528:  18  r  0xc24f9c -> 00
     529:  18  r  0xc24f9d -> 00
     530:  18  r  0xc24f9e -> 00
     531:  18  r  0xc24f9f -> 00
     532:  18  r  0xc24fa0 -> 00
     533:  18  r  0xc24fa1 -> 00
     534:  18  r  0xc24fa2 -> 00
     535:  18  r  0xc24fa3 -> 00
     536:  18  r  0xc24fa4 -> 00
     537:  18  r  0xc24fa5 -> 00
     538:  18  r  0xc24fa6 -> 00
     539:  18  r  0xc24fa7 -> 00
     540:  18  r  0xc24fa8 -> 00
     541:  18  r  0xc24fa9 -> 00
     542:  18  r  0xc24faa -> 00
     543:  18  r  0xc24fab -> 00
     544:  18  r  0xc24fac -> 00
     545:  18  r  0xc24fad -> 00
     546:  18  r  0xc24fae -> 00
     547:  18  r  0xc24faf -> 00
     548:  18  r  0xc24fb0 -> 00
     549:  18  r  0xc24fb1 -> 00
     550:  18  r  0xc24fb2 -> 00
     551:  18  r  0xc24fb3 -> 00
     552:  18  r  0xc24fb4 -> 00
     553:  18  r  0xc24fb5 -> 00
     554:  18  r  0xc24fb6 -> 00
     555:  18  r  0xc24fb7 -> 00
     556:  18  r  0xc24fb8 -> 00
     557:  18  r  0xc24fb9 -> 00
     558:  18  r  0xc24fba -> 00
     559:  18  r  0xc24fbb -> 00
     560:  18  r  0x220978 -> 00
     561:  18  w  0x220978 <- 65
     562:  18  r  0xd85128 -> 00
     563:  18  w  0xd850d8 <- f3
     564:  18  w  0xd850c0 <- 57
     565:  18  w  0xd850c8 <- ae
     566:  18  r  0xd85028 -> 00
     567:  18  w  0xd85020 <- b0
     568:  18  r  0x7909b8 -> 00
     569:  18  r  0xd85020 -> b0
     570:  18  r  0xd85028 -> 00
     571:  18  w  0xd85030 <- 24
     572:  18  w  0xd85040 <- 35
     573:  18  r  0xd8504c -> 00
     574:  18  r  0xd85128 -> 00
     575:  18  r  0xd85120 -> 00
     576:  18  r  0xd85030 -> 24
     577:  18  w  0xd84ff8 <- 42
     578:  18  w  0xd84fd8 <- 9a
     579: PID 9 started
     580:   9  w  0xd84ff0 <- e8
     581:   9  w  0xd84fe8 <- 8b
     582:   9  w  0xd84fe0 <- 97
     583:   9  r  0xd851c8 -> 00
     584:   9  r  0xd85040 -> 00
     585:   9  r  0xd85058 -> 00
     586:   9  w  0xd84fd0 <- b1
     587:   9  w  0xd84fc8 <- bd
     588:   9  w  0xd84fc0 <- eb
     589:   9  w  0xd84fb8 <- 3c
     590:   9  w  0xd84fb0 <- 83
     591:   9  w  0xd84fa8 <- a1
     592:   9  w  0xd84fa0 <- f3
     593:   9  w  0xd84f98 <- df
     594:   9  r  0x221448 -> 00
     595:   9  r  0xd84fd8 -> 00
     596:   9  w  0xd84ef8 <- 81
     597:   9  r  0xd84fd0 -> b1
     598:   9  r  0xd84fe8 -> 8b
     599:   9  w  0xd84f60 <- dd
     600:   9  w  0xd84f70 <- 27
     601:   9  w  0xd84f50 <- 2c
     602:   9  r  0xd84fe0 -> 97
     603:   9  w  0xd84f7c <- 4b
     604:   9  r  0xd84ff0 -> e8
     605:   9  w  0xd84f84 <- e6
     606:   9  r  0xd84ff8 -> 00
     607:   9  w  0xd84f40 <- 51
     608:   9  r  0x221440 -> 00
     609:   9  r  0x6f8a80 -> 00
     610:   9  w  0xd84f78 <- e8
     611:   9  w  0xd84f48 <- 60
     612:   9  r  0x2211b0 -> 00
     613:   9  w  0xd84f58 <- c9
     614:   9  r  0xd84f84 -> e6
     615:   9  r  0x22149d -> 00
     616:   9  r  0x21fba0 -> 00
     617:   9  r  0x221474 -> 00
     618:   9  r  0x2211f8 -> 00
     619:   9  r  0x2211f0 -> 00
     620:   9  r  0xd84f58 -> c9
     621:   9  r  0x60a0b8 -> 00
     622:   9  w  0xd84f00 <- 12
     623: PID 1 started
     624:   1  r  0x60a0a8 -> 00
     625:   1  w  0xd84f68 <- af
     626:   1  r  0x221480 -> 00
     627:   1  r  0x221478 -> 00
     628:   1  r  0x22147c -> 00
     629:   1  r  0x400270 -> 00
     630:   1  w  0xd84f80 <- 2f
     631:   1  r  0xd84f78 -> 00
     632:   1  r  0xd84f50 -> 00
     633:   1  r  0x6f8bc8 -> 00
     634:   1  r  0x6f8a88 -> 00
     635:   1  w  0xd84f78 <- 53
     636:   1  w  0xd84f48 <- 11
     637:   1  r  0x790688 -> 00
     638:   1  w  0xd84f58 <- 14
     639:   1  r  0xd84f84 -> 00
     640:   1  r  0x790975 -> 00
     641:   1  r  0x21fba0 -> 00
     642:   1  r  0x79094c -> 00
     643:   1  r  0x7906d0 -> 00
     644:   1  r  0x7906c8 -> 00
     645:   1  r  0xd84f58 -> 14
     646:   1  r  0xeee3d0 -> 00
     647:   1  w  0xd84f00 <- 41
     648:   1  r  0xeee3c0 -> 00
     649:   1  w  0xd84f68 <- 36
     650:   1  r  0x790958 -> 00
     651:   1  r  0x790950 -> 00
     652:   1  r  0x790954 -> 00
     653:   1  r  0xc00838 -> 00
     654:   1  r  0x79094c -> 00
     655:   1  r  0x790960 -> 00
     656:   1  r  0xc01b80 -> 00
     657:   1  r  0x790968 -> 00
     658:   1  r  0xc04050 -> 00
     659:   1  r  0xc04054 -> 00
     660:   1  r  0xd84f58 -> 14
     661:   1  r  0x790968 -> 00
     662:   1  w  0xd84ee8 <- 46
     663:   1  w  0xd84ef0 <- ba
     664:   1  w  0xd84ed8 <- 4d
     665:   1  w  0xd84ee0 <- c6
     666:   1  w  0xd84f80 <- 17
     667:   1  r  0xd84f00 -> 41
     668:   1  w  0xd84ec8 <- ef
     669:   1  w  0xd84ea8 <- 11
     670:   1  w  0xd84eb0 <- 26
     671:   1  w  0xd84eb8 <- 0c
     672:   1  w  0xd84ec0 <- 89
     673:   1  r  0xc1187c -> 00
     674:   1  r  0xc11880 -> 00
     675:   1  r  0xc1187e -> 00
     676:   1  r  0xd84f84 -> 00
     677:   1  r  0xd84f70 -> 00
     678:   1  r  0xd84f50 -> 00
     679:   1  r  0xd84f58 -> 14
     680:   1  r  0x790990 -> 00
     681:   1  r  0xd84f80 -> 17
     682:   1  r  0xc402fa -> 00
     683:   1  r  0x790940 -> 00
     684:   1  r  0x6f8bc0 -> 00
     685:   1  r  0x6f8bc0 -> 00
     686:   1  r  0x6f8bb8 -> 00
     687:   1  r  0x6f8bb8 -> 00
     688:   1  w  0xd84e88 <- de
     689:   1  r  0xc3f1ac -> 00
     690:   1  r  0xc3f1ac -> 00
     691:   1  r  0xc3f1ad -> 00
     692:   1  r  0xc3f1ad -> 00
     693: PID 13 started
     694:  13  r  0xc3f1ae -> 00
     695:  13  r  0xc3f1ae -> 00
     696:  13  r  0xc3f1af -> 00
     697:  13  r  0xc3f1af -> 00
     698:  13  r  0xc3f1b0 -> 00
     699:  13  r  0xc3f1b0 -> 00
     700:  13  r  0xc3f1b1 -> 00
     701:  13  r  0xc3f1b1 -> 00
     702:  13  r  0xc3f1b2 -> 00
     703:  13  r  0xc3f1b2 -> 00
     704:  13  r  0xc3f1b3 -> 00
     705:  13  r  0xc3f1b3 -> 00
     706:  13  r  0xc3f1b4 -> 00
     707:  13  r  0xc3f1b4 -> 00
     708:  13  r  0xc3f1b5 -> 00
     709:  13  r  0xc3f1b5 -> 00
     710:  13  r  0xc3f1b6 -> 00
     711:  13  r  0xc3f1b6 -> 00
     712:  13  r  0xc3f1b7 -> 00
     713:  13  r  0xc3f1b7 -> 00
     714:  13  r  0xd84e88 -> 00
     715:  13  r  0xd84eb0 -> 00
     716:  13  r  0xd84ea8 -> 00
     717:  13  r  0xd84eb8 -> 00
     718:  13  r  0xd84ec0 -> 00
     719:  13  r  0xd84ec8 -> 00
     720:  13  r  0xd84ee8 -> 00
     721:  13  r  0xd84ef0 -> 00
     722:  13  r  0xd84ed8 -> 00
     723:  13  r  0xd84ee0 -> 00
     724:  13  r  0xc1187c -> 00
     725:  13  r  0x21fbe4 -> 00
     726:  13  w  0xd84f08 <- 88
     727:  13  r  0xd84ef8 -> 00
     728:  13  r  0xd84ef8 -> 00
     729:  13  w  0xd850c0 <- 49
     730:  13  r  0xd84f58 -> 00
     731:  13  w  0xd850c8 <- 9f
     732:  13  r  0xd84f98 -> 00
     733:  13  r  0xd84fa0 -> 00
     734:  13  r  0xd84fa8 -> 00
     735:  13  r  0xd84fb0 -> 00
     736:  13  r  0xd84fb8 -> 00
     737:  13  r  0xd84fc0 -> 00
     738:  13  r  0xd84fc8 -> 00
     739:  13  r  0xd850c0 -> 49
     740:  13  r  0xd851c8 -> 00
     741:  13  r  0xc1187d -> 00
     742:  13  r  0xd850c8 -> 9f
     743:  13  r  0x790974 -> 00
     744:  13  r  0x790a2c -> 00
     745:  13  r  0x21fba0 -> 00
     746:  13  r  0xd850c0 -> 49
     747:  13  w  0xd851c8 <- 1b
     748:  13  r  0xd850c8 -> 9f
     749:  13  r  0xd850e8 -> 00
     750:  13  r  0xd850f0 -> 00
     751:  13  r  0xd850f8 -> 00
     752:  13  r  0xd85100 -> 00
     753:  13  r  0xd85108 -> 00
     754:  13  r  0xd85110 -> 00
     755:  13  r  0xd85118 -> 00
     756:  13  r  0xd851c8 -> 1b
     757:  13  w  0x790a68 <- 25
     758:  13  w  0x790a70 <- 25
     759:  13  r  0xc1187c -> 00
     760:  13  r  0xc11880 -> 00
     761:  13  r  0x790660 -> 00
     762:  13  r  0x1a224 -> 00
     763:  13  r  0xc49808 -> 00
     764:  13  r  0xd85168 -> 00
     765:  13  w  0xeea5f0 <- a7
     766:  13  r  0xc49818 -> 00
     767:  13  r  0xd85178 -> 00
     768:  13  r  0xd85180 -> 00
     769:  13  r  0xd85170 -> 00
     770:  13  r  0xc49810 -> 00
     771:  13  r  0x790940 -> 00
     772:  13  r  0xc402fa -> 00
     773: PID 4 started
     774:   4  w  0xd851c8 <- e3
     775:   4  r  0xc1187c -> 00
     776:   4  r  0x790a58 -> 00
     777:   4  r  0x790a60 -> 00
     778:   4  r  0x790a70 -> 00
     779:   4  r  0x220980 -> 00
     780:   4  w  0x220980 <- 50
     781:   4  r  0x790a68 -> 00
     782:   4  w  0xd851c8 <- cc
     783:   4  r  0xc1187c -> 00
     784:   4  r  0xc11880 -> 00
     785:   4  r  0x790660 -> 00
     786:   4  r  0x1a224 -> 00
     787:   4  r  0xc49820 -> 00
     788:   4  r  0xd85168 -> 00
     789:   4  w  0xeea7f0 <- bb
     790:   4  r  0xc49830 -> 00
     791:   4  r  0xd85178 -> 00
     792:   4  r  0xd85180 -> 00
     793:   4  r  0xd85170 -> 00
     794:   4  r  0xc49828 -> 00
     795:   4  r  0x790940 -> 00
     796:   4  r  0xc3f620 -> 00
     797:   4  w  0xd851c8 <- c8
     798:   4  r  0xc07e44 -> 00
     799:   4  r  0x790a58 -> 00
     800:   4  r  0xd851c8 -> c8
     801:   4  w  0x790a60 <- db
     802:   4  w  0x790a58 <- 53
     803:   4  r  0x6f8bc0 -> 00
     804:   4  r  0xc07e40 -> 00
     805:   4  r  0xd85150 -> 00
     806:   4  r  0xd85158 -> 00
     807:   4  r  0xd85160 -> 00
     808:   4  w  0xd85128 <- 6f
     809:   4  w  0xd85120 <- 05
     810:   4  w  0xd85118 <- 06
     811:   4  w  0xd85110 <- 08
     812:   4  w  0xd85108 <- d9
     813:   4  w  0xd85100 <- 90
     814:   4  w  0xd850f8 <- 44
     815:   4  w  0xd850f0 <- a3
     816:   4  w  0xd850e8 <- de
     817:   4  w  0xd85028 <- 9c
     818:   4  w  0xd85058 <- 76
     819:   4  w  0xd8504c <- 47
     820:   4  r  0xc24f51 -> 00
     821:   4  r  0xc24f52 -> 00
     822:   4  r  0xc24f53 -> 00
     823:   4  r  0xc24f54 -> 00
     824:   4  r  0xc24f55 -> 00
     825:   4  r  0xc24f56 -> 00
     826:   4  r  0xc24f57 -> 00
     827:   4  r  0xc24f58 -> 00
     828:   4  r  0xc24f59 -> 00
     829:   4  r  0xc24f5a -> 00
     830:   4  r  0xc24f5b -> 00
     831:   4  r  0xc24f5c -> 00
     832:   4  r  0xc24f5d -> 00
     833:   4  r  0xc24f5e -> 00
     834:   4  r  0xc24f5f -> 00
     835: PID 11 started
     836:  11  r  0xc24f60 -> 00
     837:  11  r  0xc24f61 -> 00
     838:  11  r  0xc24f62 -> 00
     839:  11  r  0xc24f63 -> 00
     840:  11  r  0xc24f64 -> 00
     841:  11  r  0xc24f65 -> 00
     842:  11  r  0xc24f66 -> 00
     843:  11  r  0xc24f67 -> 00
     844:  11  r  0xc24f68 -> 00
     845:  11  r  0xc24f69 -> 00
     846:  11  r  0xc24f6a -> 00
     847:  11  r  0xc24f6b -> 00
     848:  11  r  0xc24f6c -> 00
     849:  11  r  0xc24f6d -> 00
     850:  11  r  0xc24f6e -> 00
     851:  11  r  0xc24f6f -> 00
     852:  11  r  0xc24f70 -> 00
     853:  11  r  0xc24f71 -> 00
     854:  11  r  0xc24f72 -> 00
     855:  11  r  0xc24f73 -> 00
     856:  11  r  0xc24f74 -> 00
     857:  11  r  0xc24f75 -> 00
     858:   9  r  0xc24f76 -> 00
     859:   9  r  0xc24f77 -> 00
     860:   9  r  0xc24f78 -> 00
     861:   9  r  0xc24f79 -> 00
     862:   9  r  0xc24f7a -> 00
     863:   9  r  0xc24f7b -> 00
     864:   9  r  0xc24f7c -> 00
     865:   9  r  0xc24f7d -> 00
     866:   9  r  0xc24f7e -> 00
     867:   9  r  0xc24f7f -> 00
     868:   9  r  0xc24f80 -> 00
     869:   9  r  0xc24f81 -> 00
     870:   9  r  0xc24f82 -> 00
     871:   9  r  0xc24f83 -> 00
     872:   9  r  0xc24f84 -> 00
     873:   9  r  0xc24f85 -> 00
     874:   9  r  0x220978 -> 00
     875:   9  w  0x220978 <- 6d
     876:   9  r  0xd85128 -> 00
     877:  14  w  0xd850d8 <- 85
     878:  14  w  0xd850c0 <- 1d
     879:  14  w  0xd850c8 <- b7
     880:  14  r  0xd85028 -> c8
     881:  14  w  0xd85020 <- e0
     882:  14  r  0x7909b8 -> 00
     883:  14  r  0xd85020 -> e0
     884:  14  r  0xd85028 -> c8
     885:  14  w  0xd85030 <- 89
     886:  14  w  0xd85040 <- cf
     887:  14  r  0xd8504c -> 3a
     888:  14  r  0xd85128 -> f3
     889:  14  r  0xd85120 -> e0
     890:  14  r  0xd85030 -> 89
     891:  14  w  0xd84ff8 <- b3
     892:  14  w  0xd84fd8 <- 6e
     893:  14  w  0xd84ff0 <- b6
     894:  14  w  0xd84fe8 <- 78
     895:   9  w  0xd84fe0 <- ba
     896:   9  r  0xd851c8 -> 00
     897:   9  r  0xd85040 -> 00
     898:   9  r  0xd85058 -> 00
     899:   9  w  0xd84fd0 <- 25
     900:   9  w  0xd84fc8 <- 58
     901:   9  w  0xd84fc0 <- 03
     902:   9  w  0xd84fb8 <- 6d
     903:   9  w  0xd84fb0 <- a2
     904:   9  w  0xd84fa8 <- 59
     905:   9  w  0xd84fa0 <- cb
     906:  15  w  0xd84f98 <- ae
     907:  15  r  0x221448 -> 00
     908:  15  r  0xd84fd8 -> 00
     909:  15  w  0xd84ef8 <- 78
     910:  15  r  0xd84fd0 -> 00
     911:  15  r  0xd84fe8 -> 00
     912:  15  w  0xd84f60 <- 89
     913:  15  w  0xd84f70 <- d5
     914:  15  w  0xd84f50 <- e1
     915:  15  r  0xd84fe0 -> 00
     916:  15  w  0xd84f7c <- 73
     917:  15  r  0xd84ff0 -> 00
     918:  15  w  0xd84f84 <- a6
     919:  15  r  0xd84ff8 -> 00
     920:  15  w  0xd84f40 <- 70
     921:  15  r  0x221440 -> 00
     922:  15  r  0x6f8a80 -> 00
     923:  15  w  0xd84f78 <- ff
     924:  15  w  0xd84f48 <- a7
     925:  15  r  0x2211b0 -> 00
     926:  15  w  0xd84f58 <- 27
     927:  15  r  0xd84f84 -> a6
     928:  15  r  0x22149d -> 00
     929:  15  r  0x21fba0 -> 00
     930:  15  r  0x221474 -> 00
     931:  15  r  0x2211f8 -> 00
     932:  15  r  0x2211f0 -> 00
     933:  15  r  0xd84f58 -> 27
     934:   5  r  0x60a0b8 -> 00
     935:   5  w  0xd84f00 <- 73
     936:   5  r  0x60a0a8 -> 00
     937:   5  w  0xd84f68 <- 71
     938:   5  r  0x221480 -> 00
     939:   5  r  0x221478 -> 00
     940:   5  r  0x22147c -> 00
     941:   5  r  0x400270 -> 00
     942:   5  w  0xd84f80 <- 6d
     943:   5  r  0xd84f78 -> 53
     944:   5  r  0xd84f50 -> 00
     945:   5  r  0x6f8bc8 -> 00
     946:   5  r  0x6f8a88 -> 00
     947:   5  w  0xd84f78 <- 1b
     948:   5  w  0xd84f48 <- 2d
     949:   5  r  0x790688 -> 00
     950:   5  w  0xd84f58 <- 09
     951:   5  r  0xd84f84 -> 00
     952:   5  r  0x790975 -> 00
     953:   5  r  0x21fba0 -> 00
     954:   5  r  0x79094c -> 00
     955:   5  r  0x7906d0 -> 00
     956:   5  r  0x7906c8 -> 00
     957:   5  r  0xd84f58 -> 09
     958:   5  r  0xeee3d0 -> 00
     959:   5  w  0xd84f00 <- b2
     960:   5  r  0xeee3c0 -> 00
     961:   5  w  0xd84f68 <- f4
     962:   5  r  0x790958 -> 00
     963:   5  r  0x790950 -> 00
     964:   5  r  0x790954 -> 00
     965:   5  r  0xc00a80 -> 00
     966:   4  r  0x79094c -> 00
     967:   4  r  0x790960 -> 00
     968:   4  r  0xc0137c -> 00
     969:   4  r  0x790968 -> 00
     970:   4  r  0xc0269c -> 00
     971:   4  r  0xc026a0 -> 00
     972:   4  r  0xd84f58 -> 00
     973:   4  r  0x790968 -> 00
     974:   4  w  0xd84ee8 <- 93
     975:   4  w  0xd84ef0 <- 84
     976:   4  w  0xd84ed8 <- d0
     977:   4  w  0xd84ee0 <- b1
     978:   4  w  0xd84f80 <- 7a
     979:   4  r  0xd84f00 -> 00
     980:   4  w  0xd84ec8 <- a0
     981:   4  w  0xd84ea8 <- 16
     982:   4  w  0xd84eb0 <- be
     983:   4  w  0xd84eb8 <- fe
     984:   4  w  0xd84ec0 <- 60
     985:   4  r  0xc07e44 -> 00
     986:   4  r  0xc07e48 -> 00
     987:   4  r  0xc07e46 -> 00
     988:   4  r  0xd84f84 -> 00
     989:   4  r  0xd84f70 -> 00
     990:   4  r  0xd84f50 -> 00
     991:   4  r  0xd84f58 -> 00
     992:  15  r  0x790990 -> 00
     993:  15  r  0xd84f80 -> 00
     994:  15  r  0xc3f620 -> 00
     995:  15  r  0x790940 -> 00
     996:  15  r  0x6f8bc0 -> 00
     997:  15  r  0x6f8bc0 -> 00
     998:  15  r  0x6f8bb8 -> 00
     999:  15  r  0x6f8bb8 -> 00
    1000:  15  w  0xd84e88 <- 05
    1001:  15  r  0xc3f1ac -> 00
    1002:  15  r  0xc3f1ac -> 00
    1003:  15  r  0xc3f1ad -> 00
    1004:  15  r  0xc3f1ad -> 00
    1005:  15  r  0xc3f1ae -> 00
    1006:  15  r  0xc3f1ae -> 00
    1007:  15  r  0xc3f1af -> 00
    1008:  15  r  0xc3f1af -> 00
    1009:  15  r  0xc3f1b0 -> 00
    1010:  15  r  0xc3f1b0 -> 00
    1011:  15  r  0xc3f1b1 -> 00
    1012:  15  r  0xc3f1b1 -> 00
    1013:  15  r  0xc3f1b2 -> 00
    1014:  15  r  0xc3f1b2 -> 00
    1015:  15  r  0xc3f1b3 -> 00
    1016:  15  r  0xc3f1b3 -> 00
    1017:  15  r  0xc3f1b4 -> 00
    1018:  15  r  0xc3f1b4 -> 00
    1019:  15  r  0xc3f1b5 -> 00
    1020:  15  r  0xc3f1b5 -> 00
    1021:  15  r  0xc3f1b6 -> 00
    1022:  15  r  0xc3f1b6 -> 00
    1023:  15  r  0xc3f1b7 -> 00
    1024:  15  r  0xc3f1b7 -> 00
    1025:  15  r  0xd84e88 -> 05
    1026:  15  r  0xd84eb0 -> 00
    1027:  15  r  0xd84ea8 -> 00
    1028:  15  r  0xd84eb8 -> 00
    1029:  15  r  0xd84ec0 -> 00
    1030:  15  r  0xd84ec8 -> 00
    1031:  15  r  0xd84ee8 -> 00
    1032:  15  r  0xd84ef0 -> 00
    1033:  15  r  0xd84ed8 -> 00
    1034:  15  r  0xd84ee0 -> 00
    1035:  15  r  0xc07e44 -> 00
    1036:  15  r  0x21fbe4 -> 00
    1037:  15  w  0xd84f08 <- d4
    1038:  15  r  0xd84ef8 -> 78
    1039:  15  r  0xd84ef8 -> 78
    1040:  15  w  0xd850c0 <- 76
    1041:  15  r  0xd84f58 -> 27
    1042:  15  w  0xd850c8 <- 3a
    1043:  15  r  0xd84f98 -> ae
    1044:  15  r  0xd84fa0 -> 00
    1045:  15  r  0xd84fa8 -> 00
    1046:  15  r  0xd84fb0 -> 00
    1047:  15  r  0xd84fb8 -> 00
    1048:  15  r  0xd84fc0 -> 00
    1049:  15  r  0xd84fc8 -> 00
    1050:  15  r  0xd850c0 -> 76
    1051:  15  r  0xd851c8 -> 00
    1052:  15  r  0xc07e45 -> 00
    1053:  15  r  0xd850c8 -> 3a
    1054:  15  r  0x790974 -> 00
    1055:  15  r  0x790a2c -> 00
    1056:  15  r  0x21fba0 -> 00
    1057:  15  r  0xd850c0 -> 76
    1058:  15  w  0xd851c8 <- 1c
    1059:  15  r  0xd850c8 -> 3a
    1060:  15  r  0xd850e8 -> 00
    1061:  15  r  0xd850f0 -> 00
    1062:  15  r  0xd850f8 -> 00
    1063:  15  r  0xd85100 -> 00
    1064:  15  r  0xd85108 -> 00
    1065:  15  r  0xd85110 -> 00
    1066:  15  r  0xd85118 -> 00
    1067:  15  r  0xd851c8 -> 1c
    1068:  15  w  0x790a68 <- 8d
    1069:  15  w  0x790a70 <- 97
    1070:  15  r  0xc07e44 -> 00
    1071:  15  r  0xc07e48 -> 00
    1072:  15  r  0x790660 -> 00
    1073:  15  r  0x1a224 -> 00
    1074:  15  r  0xc49838 -> 00
    1075:  15  r  0xd85168 -> 00
    1076:  15  w  0xeea5f8 <- 9c
    1077:  15  r  0xc49848 -> 00
    1078:  15  r  0xd85178 -> 00
    1079:  15  r  0xd85180 -> 00
    1080:  15  r  0xd85170 -> 00
    1081:  15  r  0xc49840 -> 00
    1082:  15  r  0x790940 -> 00
    1083:  15  r  0xc3f620 -> 00
    1084:  15  w  0xd851c8 <- db
    1085:  15  r  0xc07e44 -> 00
    1086:  15  r  0x790a58 -> 00
    1087:  15  r  0x790a60 -> 00
    1088:  15  r  0x790a70 -> 97
    1089:  15  r  0x220980 -> 00
    1090:  15  w  0x220980 <- a8
    1091:  15  r  0x790a68 -> 8d
    1092:  15  w  0xd851c8 <- 73
    1093:   5  r  0xc07e44 -> 00
    1094:   5  r  0xc07e48 -> 00
    1095:   5  r  0x790660 -> 00
    1096:   5  r  0x1a224 -> 00
    1097:   5  r  0xc49850 -> 00
    1098:   5  r  0xd85168 -> 00
    1099:   5  w  0xeea7f8 <- 10
    1100:   5  r  0xc49860 -> 00
    1101:   5  r  0xd85178 -> 00
    1102:   5  r  0xd85180 -> 00
    1103:   5  r  0xd85170 -> 00
    1104:   5  r  0xc49858 -> 00
    1105:   5  r  0x790940 -> 00
    1106:   5  r  0xc3ff7a -> 00
    1107:   5  w  0xd851c8 <- 67
    1108:   5  r  0xc0ee7c -> 00
    1109:   5  r  0x790a58 -> 00
    1110:   5  r  0xd851c8 -> 67
    1111:   5  w  0x790a60 <- 81
    1112:   5  w  0x790a58 <- 31
    1113:   5  r  0x6f8bc0 -> 00
    1114:   5  r  0xc0ee78 -> 00
    1115:   5  r  0xd85150 -> 00
    1116:   5  r  0xd85158 -> 00
    1117:   5  r  0xd85160 -> 00
    1118:   5  w  0xd85128 <- be
    1119:   5  w  0xd85120 <- 53
    1120:   5  w  0xd85118 <- ba
    1121:   5  w  0xd85110 <- 49
    1122:   5  w  0xd85108 <- 39
    1123:   5  w  0xd85100 <- ad
    1124:   5  w  0xd850f8 <- 17
    1125:   5  w  0xd850f0 <- 9f
    1126:   5  w  0xd850e8 <- fd
    1127:   5  w  0xd85028 <- bb
    1128:   5  w  0xd85058 <- 6e
    1129:   5  w  0xd8504c <- d2
    1130:   5  r  0xc274c5 -> 00
    1131:   5  r  0xc274c6 -> 00
    1132:   5  r  0xc274c7 -> 00
    1133:   5  r  0xc274c8 -> 00
    1134:   5  r  0xc274c9 -> 00
    1135:   5  r  0xc274ca -> 00
    1136:   5  r  0xc274cb -> 00
    1137:   5  r  0xc274cc -> 00
    1138:   5  r  0xc274cd -> 00
    1139:   5  r  0xc274ce -> 00
    1140:   5  r  0xc274cf -> 00
    1141:   5  r  0xc274d0 -> 00
    1142:   5  r  0xc274d1 -> 00
    1143:   5  r  0xc274d2 -> 00
    1144:   5  r  0xc274d3 -> 00
    1145:   5  r  0xc274d4 -> 00
    1146:   5  r  0xc274d5 -> 00
    1147:   5  r  0xc274d6 -> 00
    1148:   5  r  0xc274d7 -> 00
    1149:   5  r  0xc274d8 -> 00
    1150:   5  r  0xc274d9 -> 00
    1151:   5  r  0xc274da -> 00
    1152:   5  r  0xc274db -> 00
    1153:   5  r  0xc274dc -> 00
    1154:   5  r  0xc274dd -> 00
    1155:   5  r  0xc274de -> 00
    1156:   5  r  0xc274df -> 00
    1157:   5  r  0xc274e0 -> 00
    1158:   5  r  0xc274e1 -> 00
    1159:   5  r  0xc274e2 -> 00
    1160:   5  r  0xc274e3 -> 00
    1161:   5  r  0xc274e4 -> 00
    1162:   5  r  0xc274e5 -> 00
    1163:   5  r  0xc274e6 -> 00
    1164:   5  r  0xc274e7 -> 00
    1165:   4  r  0xc274e8 -> 00
    1166:   4  r  0xc274e9 -> 00
    1167:   4  r  0xc274ea -> 00
    1168:   4  r  0xc274eb -> 00
    1169:   4  r  0xc274ec -> 00
    1170:   4  r  0xc274ed -> 00
    1171:   4  r  0xc274ee -> 00
    1172:   4  r  0xc274ef -> 00
    1173:   4  r  0x220978 -> 00
    1174:   4  w  0x220978 <- 90
    1175:   4  r  0xd85128 -> 6f
    1176:   4  w  0xd850d8 <- 94
    1177:   4  w  0xd850c0 <- b6
    1178:   4  w  0xd850c8 <- 69
    1179:   4  r  0xd85028 -> 9c
    1180:   4  w  0xd85020 <- 2c
    1181:   4  r  0x7909b8 -> 00
    1182:   4  r  0xd85020 -> 2c
    1183:   4  r  0xd85028 -> 9c
    1184:   4  w  0xd85030 <- 1e
    1185:   4  w  0xd85040 <- 13
    1186:   4  r  0xd8504c -> 47
    1187:   4  r  0xd85128 -> 6f
    1188:   4  r  0xd85120 -> 05
    1189:   4  r  0xd85030 -> 1e
    1190:   4  w  0xd84ff8 <- cf
    1191:   4  w  0xd84fd8 <- f7
    1192:   4  w  0xd84ff0 <- b4
    1193:   4  w  0xd84fe8 <- a4
    1194:   4  w  0xd84fe0 <- bd
    1195:   4  r  0xd851c8 -> c8
    1196:   4  r  0xd85040 -> 13
    1197:   4  r  0xd85058 -> 76
    1198:   4  w  0xd84fd0 <- 5b
    1199:   4  w  0xd84fc8 <- dc
    1200:   4  w  0xd84fc0 <- b3
    1201:   4  w  0xd84fb8 <- 3d
    1202:   4  w  0xd84fb0 <- d0
    1203:   4  w  0xd84fa8 <- 8b
    1204:   4  w  0xd84fa0 <- 94
    1205:   4  w  0xd84f98 <- 42
    1206:   4  r  0x221448 -> 00
    1207:   4  r  0xd84fd8 -> f7
    1208:   4  w  0xd84ef8 <- 1f
    1209:   4  r  0xd84fd0 -> 5b
    1210:   4  r  0xd84fe8 -> a4
    1211:   4  w  0xd84f60 <- 8a
    1212:   4  w  0xd84f70 <- cc
    1213:   4  w  0xd84f50 <- 7a
    1214:   4  r  0xd84fe0 -> bd
    1215:   4  w  0xd84f7c <- 4b
    1216:   4  r  0xd84ff0 -> b4
    1217:   4  w  0xd84f84 <- 77
    1218:   4  r  0xd84ff8 -> cf
    1219:   4  w  0xd84f40 <- f8
    1220:   4  r  0x221440 -> 00
    1221:   4  r  0x6f8a80 -> 00
    1222:   4  w  0xd84f78 <- db
    1223:   4  w  0xd84f48 <- 60
    1224:   4  r  0x2211b0 -> 00
    1225:   4  w  0xd84f58 <- e3
    1226:   4  r  0xd84f84 -> 77
    1227:   4  r  0x22149d -> 00
    1228:   4  r  0x21fba0 -> 00
    1229:   4  r  0x221474 -> 00
    1230:  14  r  0x2211f8 -> 00
    1231:  14  r  0x2211f0 -> 00
    1232:  14  r  0xd84f58 -> 00
    1233:  14  r  0x60a0b8 -> 00
    1234:  14  w  0xd84f00 <- ee
    1235:  14  r  0x60a0a8 -> 00
    1236:  14  w  0xd84f68 <- eb
    1237:  14  r  0x221480 -> 00
    1238:  14  r  0x221478 -> 00
    1239:  14  r  0x22147c -> 00
    1240:  14  r  0x400270 -> 00
    1241:  14  w  0xd84f80 <- 8d
    1242:  14  r  0xd84f78 -> 00
    1243:  14  r  0xd84f50 -> 00
    1244:  14  r  0x6f8bc8 -> 00
    1245:  14  r  0x6f8a88 -> 00
    1246:  14  w  0xd84f78 <- 68
    1247:  14  w  0xd84f48 <- 8e
    1248:  14  r  0x790688 -> 00
    1249:  14  w  0xd84f58 <- 0e
    1250:  14  r  0xd84f84 -> 00
    1251:  14  r  0x790975 -> 00
    1252:  14  r  0x21fba0 -> 00
    1253:  14  r  0x79094c -> 00
    1254:  14  r  0x7906d0 -> 00
    1255:  14  r  0x7906c8 -> 00
    1256:  14  r  0xd84f58 -> 00
    1257:  14  r  0xeee3d0 -> 00
    1258:  14  w  0xd84f00 <- f2
    1259:  14  r  0xeee3c0 -> 00
    1260:  14  w  0xd84f68 <- 45
    1261:  14  r  0x790958 -> 00
    1262:  14  r  0x790950 -> 00
    1263:  14  r  0x790954 -> 00
    1264:  14  r  0xc00648 -> 00
    1265:  14  r  0x79094c -> 00
    1266:  14  r  0x790960 -> 00
    1267:  14  r  0xc01984 -> 00
    1268:  14  r  0x790968 -> 00
    1269:  14  r  0xc03954 -> 00
    1270:  14  r  0xd84f58 -> 00
    1271:  14  r  0x790968 -> 00
    1272:  14  w  0xd84ee8 <- 13
    1273:  14  w  0xd84ef0 <- 39
    1274:  14  w  0xd84ed8 <- 45
    1275:  14  w  0xd84ee0 <- 9d
    1276:  14  w  0xd84f80 <- 04
    1277:  14  r  0xd84f00 -> 00
    1278:  14  w  0xd84ec8 <- 8f
    1279:  14  w  0xd84ea8 <- e0
    1280:  14  w  0xd84eb0 <- de
    1281:  14  w  0xd84eb8 <- 42
    1282:  14  w  0xd84ec0 <- 44
    1283:  14  r  0xc0ee7c -> 00
    1284:  14  r  0xc0ee80 -> 00
    1285:  14  r  0xc0ee7e -> 00
    1286:  14  r  0xd84f84 -> 00
    1287:  14  r  0xd84f70 -> 00
    1288:  14  r  0xd84f50 -> 00
    1289:  14  r  0xd84f58 -> 00
    1290:  14  r  0x790990 -> 00
    1291:  14  r  0xd84f80 -> 00
    1292:  14  r  0xc3ff7a -> 00
    1293:  14  r  0x790940 -> 00
    1294:  14  r  0x6f8bc0 -> 00
    1295:  14  r  0x6f8bc0 -> 00
    1296:  14  r  0x6f8bb8 -> 00
    1297:  14  r  0x6f8bb8 -> 00
    1298:  14  w  0xd84e88 <- cf
    1299:  14  r  0xc3f1ac -> 00
    1300:  14  r  0xc3f1ac -> 00
    1301:  14  r  0xc3f1ad -> 00
    1302:  14  r  0xc3f1ad -> 00
    1303:  14  r  0xc3f1ae -> 00
    1304:  14  r  0xc3f1ae -> 00
    1305:  14  r  0xc3f1af -> 00
    1306:  14  r  0xc3f1af -> 00
    1307:  14  r  0xc3f1b0 -> 00
    1308:  14  r  0xc3f1b0 -> 00
    1309:  14  r  0xc3f1b1 -> 00
    1310:  14  r  0xc3f1b1 -> 00
    1311:  14  r  0xc3f1b2 -> 00
    1312:  14  r  0xc3f1b2 -> 00
    1313:  14  r  0xc3f1b3 -> 00
    1314:  14  r  0xc3f1b3 -> 00
    1315:  14  r  0xc3f1b4 -> 00
    1316:  14  r  0xc3f1b4 -> 00
    1317:  14  r  0xc3f1b5 -> 00
    1318:  14  r  0xc3f1b5 -> 00
    1319:  14  r  0xc3f1b6 -> 00
    1320:  14  r  0xc3f1b6 -> 00
    1321:  14  r  0xc3f1b7 -> 00
    1322:  14  r  0xc3f1b7 -> 00
    1323:  14  r  0xd84e88 -> cf
    1324: PID 19 started
    1325:  19  r  0xd84eb0 -> 00
    1326:  19  r  0xd84ea8 -> 00
    1327:  19  r  0xd84eb8 -> 00
    1328:  19  r  0xd84ec0 -> 00
    1329:  19  r  0xd84ec8 -> 00
    1330:  19  r  0xd84ee8 -> 00
    1331:  19  r  0xd84ef0 -> 00
    1332:  19  r  0xd84ed8 -> 00
    1333:  19  r  0xd84ee0 -> 00
    1334:  19  r  0xc0ee7c -> 00
    1335:  19  r  0x21fbe4 -> 00
    1336:  19  w  0xd84f08 <- 89
    1337:  19  r  0xd84ef8 -> 00
    1338:  19  r  0xd84ef8 -> 00
    1339:  19  w  0xd850c0 <- b4
    1340:  19  r  0xd84f58 -> 00
    1341:  19  w  0xd850c8 <- 67
    1342:  19  r  0xd84f98 -> 00
    1343:  19  r  0xd84fa0 -> 00
    1344:  19  r  0xd84fa8 -> 00
    1345:  19  r  0xd84fb0 -> 00
    1346:  19  r  0xd84fb8 -> 00
    1347:  19  r  0xd84fc0 -> 00
    1348:  19  r  0xd84fc8 -> 00
    1349:  19  r  0xd850c0 -> b4
    1350:  19  r  0xd851c8 -> 00
    1351:  19  r  0xc0ee7d -> 00
    1352:  19  r  0xd850c8 -> 67
    1353:  19  r  0x790974 -> 00
    1354:  19  r  0x790a2c -> 00
    1355:  19  r  0x21fba0 -> 00
    1356:  19  r  0xd850c0 -> b4
    1357:  19  w  0xd851c8 <- 6d
    1358:  19  r  0xd850c8 -> 67
    1359:  19  r  0xd850e8 -> 00
    1360:  19  r  0xd850f0 -> 00
    1361:  19  r  0xd850f8 -> 00
    1362:  19  r  0xd85100 -> 00
    1363:  19  r  0xd85108 -> 00
    1364:  19  r  0xd85110 -> 00
    1365:  19  r  0xd85118 -> 00
    1366:  19  r  0xd851c8 -> 6d
    1367:  19  w  0x790a68 <- ef
    1368:  19  w  0x790a70 <- 9d
    1369:  19  r  0xc0ee7c -> 00
    1370:  19  r  0xc0ee80 -> 00
    1371:  19  r  0x790660 -> 00
panic: Attempted to read an invalid swap entry.
HINT: How do you check if a swap entry exists, and if it does not, what should you put in memory instead?
-> Hint: To debug a panic, use GDB.
-> Set a breakpoint on the panic function and examine the backtrace to determine where it was called.
